1537617980920	mozrunner::runner	INFO	Running command: "/usr/bin/firefox" "-marionette" "-foreground" "-no-remote" "-profile" "/tmp/rust_mozprofile.lTo8KpR6tXOU"

(firefox:5521): Gtk-WARNING **: 15:06:22.625: Theme parsing error: <data>:1:34: Expected ')' in color definition

(firefox:5521): Gtk-WARNING **: 15:06:22.626: Theme parsing error: <data>:1:77: Expected ')' in color definition
1537617985298	Marionette	INFO	Listening on port 36639
1537617985353	Marionette	WARN	TLS certificate errors will be ignored for this session
1537617985486	Marionette	DEBUG	[2147483649] Frame script loaded
1537617985495	Marionette	DEBUG	[2147483649] Frame script registered
1537617985561	Marionette	DEBUG	[2147483649] Received DOM event beforeunload for about:blank
1537617996724	Marionette	DEBUG	[2147483649] Received DOM event pagehide for about:blank
1537617996751	Marionette	DEBUG	[2147483649] Received DOM event beforeunload for https://laboral.pjud.cl/SITLAPORWEB/jsp/LoginPortal/LoginPortal.jsp
1537617996756	Marionette	DEBUG	[2147483649] Received DOM event pageshow for https://laboral.pjud.cl/SITLAPORWEB/jsp/LoginPortal/LoginPortal.jsp
1537617996852	Marionette	DEBUG	[2147483649] Received DOM event DOMContentLoaded for https://laboral.pjud.cl/SITLAPORWEB/jsp/LoginPortal/LoginPortal.jsp
1537617997262	Marionette	DEBUG	[2147483649] Received DOM event unload for https://laboral.pjud.cl/SITLAPORWEB/jsp/LoginPortal/LoginPortal.jsp
1537617997279	Marionette	DEBUG	[2147483649] Received DOM event DOMContentLoaded for https://laboral.pjud.cl/SITLAPORWEB/InicioAplicacionPortal.do
1537618003501	Marionette	DEBUG	[2147483649] Received observer notification outer-window-destroyed for 2147483660
1537618003501	Marionette	DEBUG	[2147483649] Received observer notification outer-window-destroyed for 2147483661
1537618003502	Marionette	DEBUG	[2147483649] Received observer notification outer-window-destroyed for 2147483662
1537618003502	Marionette	DEBUG	[2147483649] Received observer notification outer-window-destroyed for 2147483663
1537618003502	Marionette	DEBUG	[2147483649] Received observer notification outer-window-destroyed for 2147483664
1537618003503	Marionette	DEBUG	[2147483649] Received observer notification outer-window-destroyed for 2147483665
1537618003503	Marionette	DEBUG	[2147483649] Received observer notification outer-window-destroyed for 2147483666
1537618003503	Marionette	DEBUG	[2147483649] Received observer notification outer-window-destroyed for 2147483667
1537618003505	Marionette	DEBUG	[2147483649] Received observer notification outer-window-destroyed for 2147483668
1537618007418	Marionette	DEBUG	[2147483649] Received DOM event pageshow for https://laboral.pjud.cl/SITLAPORWEB/InicioAplicacionPortal.do
1537618007784	Marionette	DEBUG	[2147483649] Canceled page load listener because no navigation has been detected
1537618008091	Marionette	DEBUG	[2147483649] Canceled page load listener because no navigation has been detected
1537618008370	Marionette	DEBUG	[2147483649] Canceled page load listener because no navigation has been detected
1537618008443	Marionette	DEBUG	[2147483649] Received DOM event beforeunload for https://laboral.pjud.cl/SITLAPORWEB/AtPublicoViewAccion.do?tipoMenuATP=1
1537618009208	Marionette	DEBUG	[2147483649] Received DOM event pagehide for https://laboral.pjud.cl/SITLAPORWEB/AtPublicoViewAccion.do?tipoMenuATP=1
1537618009208	Marionette	DEBUG	[2147483649] Received DOM event unload for https://laboral.pjud.cl/SITLAPORWEB/AtPublicoViewAccion.do?tipoMenuATP=1
1537618009368	Marionette	DEBUG	[2147483649] Received observer notification outer-window-destroyed for 2147483679
1537618009369	Marionette	DEBUG	[2147483649] Received observer notification outer-window-destroyed for 2147483680
1537618009369	Marionette	DEBUG	[2147483649] Received observer notification outer-window-destroyed for 2147483681
1537618009370	Marionette	DEBUG	[2147483649] Received observer notification outer-window-destroyed for 2147483682
1537618009371	Marionette	DEBUG	[2147483649] Received observer notification outer-window-destroyed for 2147483683
1537618009372	Marionette	DEBUG	[2147483649] Received observer notification outer-window-destroyed for 2147483684
1537618009372	Marionette	DEBUG	[2147483649] Received observer notification outer-window-destroyed for 2147483685
1537618009372	Marionette	DEBUG	[2147483649] Received observer notification outer-window-destroyed for 2147483686
1537618009373	Marionette	DEBUG	[2147483649] Received observer notification outer-window-destroyed for 2147483687
1537618010447	Marionette	DEBUG	[2147483649] Received DOM event DOMContentLoaded for https://laboral.pjud.cl/SITLAPORWEB/AtPublicoDAction.do
1537618010593	Marionette	DEBUG	[2147483649] Received DOM event pageshow for https://laboral.pjud.cl/SITLAPORWEB/AtPublicoDAction.do
1537618010917	Marionette	DEBUG	[2147483649] Canceled page load listener because no navigation has been detected
1537618766652	mozrunner::runner	INFO	Running command: "/usr/bin/firefox" "-marionette" "-foreground" "-no-remote" "-profile" "/tmp/rust_mozprofile.Tu4ztmF6StkJ"

(firefox:5967): Gtk-WARNING **: 15:19:28.281: Theme parsing error: <data>:1:34: Expected ')' in color definition

(firefox:5967): Gtk-WARNING **: 15:19:28.281: Theme parsing error: <data>:1:77: Expected ')' in color definition
1537618771328	Marionette	INFO	Listening on port 39817
1537618771397	Marionette	WARN	TLS certificate errors will be ignored for this session
1537618771529	Marionette	DEBUG	[2147483649] Frame script loaded
1537618771532	Marionette	DEBUG	[2147483649] Frame script registered
1537618771577	Marionette	DEBUG	[2147483649] Received DOM event beforeunload for about:blank
1537618806797	Marionette	DEBUG	[2147483649] Received DOM event beforeunload for about:blank
1537618806808	Marionette	DEBUG	[2147483649] Received DOM event pagehide for about:blank
1537618806941	Marionette	DEBUG	[2147483649] Received DOM event DOMContentLoaded for about:neterror?e=dnsNotFound&u=https%3A//laboral.pjud.cl/&c=UTF-8&f=regular&d=We%20can%E2%80%99t%20connect%20to%20the%20server%20at%20laboral.pjud.cl.
[Parent 5967, Gecko_IOThread] WARNING: pipe error (69): Connection reset by peer: file /build/firefox-LCnNpq/firefox-62.0+build2/ipc/chromium/src/chrome/common/ipc_channel_posix.cc, line 353
1537618811505	Marionette	INFO	Stopped listening on port 39817
1537618817075	mozrunner::runner	INFO	Running command: "/usr/bin/firefox" "-marionette" "-foreground" "-no-remote" "-profile" "/tmp/rust_mozprofile.GAUOPSwZLdu3"

(firefox:6180): Gtk-WARNING **: 15:20:18.669: Theme parsing error: <data>:1:34: Expected ')' in color definition

(firefox:6180): Gtk-WARNING **: 15:20:18.669: Theme parsing error: <data>:1:77: Expected ')' in color definition
1537618821009	Marionette	INFO	Listening on port 38293
1537618821125	Marionette	WARN	TLS certificate errors will be ignored for this session
1537618821263	Marionette	DEBUG	[2147483649] Frame script loaded
1537618821269	Marionette	DEBUG	[2147483649] Frame script registered
1537618821343	Marionette	DEBUG	[2147483649] Received DOM event beforeunload for about:blank
1537618823382	Marionette	DEBUG	[2147483649] Received DOM event pagehide for about:blank
1537618823403	Marionette	DEBUG	[2147483649] Received DOM event beforeunload for https://laboral.pjud.cl/SITLAPORWEB/jsp/LoginPortal/LoginPortal.jsp
1537618823406	Marionette	DEBUG	[2147483649] Received DOM event pageshow for https://laboral.pjud.cl/SITLAPORWEB/jsp/LoginPortal/LoginPortal.jsp
1537618823505	Marionette	DEBUG	[2147483649] Received DOM event DOMContentLoaded for https://laboral.pjud.cl/SITLAPORWEB/jsp/LoginPortal/LoginPortal.jsp
1537618823950	Marionette	DEBUG	[2147483649] Received DOM event unload for https://laboral.pjud.cl/SITLAPORWEB/jsp/LoginPortal/LoginPortal.jsp
1537618823975	Marionette	DEBUG	[2147483649] Received DOM event DOMContentLoaded for https://laboral.pjud.cl/SITLAPORWEB/InicioAplicacionPortal.do
1537618836359	Marionette	DEBUG	[2147483649] Received observer notification outer-window-destroyed for 2147483660
1537618836360	Marionette	DEBUG	[2147483649] Received observer notification outer-window-destroyed for 2147483661
1537618836360	Marionette	DEBUG	[2147483649] Received observer notification outer-window-destroyed for 2147483662
1537618836362	Marionette	DEBUG	[2147483649] Received observer notification outer-window-destroyed for 2147483663
1537618836362	Marionette	DEBUG	[2147483649] Received observer notification outer-window-destroyed for 2147483664
1537618836363	Marionette	DEBUG	[2147483649] Received observer notification outer-window-destroyed for 2147483665
1537618836363	Marionette	DEBUG	[2147483649] Received observer notification outer-window-destroyed for 2147483666
1537618836363	Marionette	DEBUG	[2147483649] Received observer notification outer-window-destroyed for 2147483667
1537618836364	Marionette	DEBUG	[2147483649] Received observer notification outer-window-destroyed for 2147483668
1537618843829	Marionette	DEBUG	[2147483649] Received DOM event pageshow for https://laboral.pjud.cl/SITLAPORWEB/InicioAplicacionPortal.do
1537618844205	Marionette	DEBUG	[2147483649] Canceled page load listener because no navigation has been detected
1537618844508	Marionette	DEBUG	[2147483649] Canceled page load listener because no navigation has been detected
1537618844785	Marionette	DEBUG	[2147483649] Canceled page load listener because no navigation has been detected
1537618954581	mozrunner::runner	INFO	Running command: "/usr/bin/firefox" "-marionette" "-foreground" "-no-remote" "-profile" "/tmp/rust_mozprofile.c3iClj0rDMTu"

(firefox:6419): Gtk-WARNING **: 15:22:36.208: Theme parsing error: <data>:1:34: Expected ')' in color definition

(firefox:6419): Gtk-WARNING **: 15:22:36.208: Theme parsing error: <data>:1:77: Expected ')' in color definition
1537618958985	Marionette	INFO	Listening on port 36249
1537618959032	Marionette	WARN	TLS certificate errors will be ignored for this session
1537618959185	Marionette	DEBUG	[2147483649] Frame script loaded
1537618959207	Marionette	DEBUG	[2147483649] Frame script registered
1537618959275	Marionette	DEBUG	[2147483649] Received DOM event beforeunload for about:blank
[Parent 5521, Gecko_IOThread] WARNING: pipe error (64): Connection reset by peer: file /build/firefox-LCnNpq/firefox-62.0+build2/ipc/chromium/src/chrome/common/ipc_channel_posix.cc, line 353
1537618965718	Marionette	INFO	Stopped listening on port 36639
[Parent 6180, Gecko_IOThread] WARNING: pipe error (69): Connection reset by peer: file /build/firefox-LCnNpq/firefox-62.0+build2/ipc/chromium/src/chrome/common/ipc_channel_posix.cc, line 353
1537618968357	Marionette	INFO	Stopped listening on port 38293
1537618975309	Marionette	DEBUG	[2147483649] Received DOM event pagehide for about:blank
1537618975332	Marionette	DEBUG	[2147483649] Received DOM event beforeunload for https://laboral.pjud.cl/SITLAPORWEB/jsp/LoginPortal/LoginPortal.jsp
1537618975335	Marionette	DEBUG	[2147483649] Received DOM event pageshow for https://laboral.pjud.cl/SITLAPORWEB/jsp/LoginPortal/LoginPortal.jsp
1537618975438	Marionette	DEBUG	[2147483649] Received DOM event DOMContentLoaded for https://laboral.pjud.cl/SITLAPORWEB/jsp/LoginPortal/LoginPortal.jsp
1537618975866	Marionette	DEBUG	[2147483649] Received DOM event unload for https://laboral.pjud.cl/SITLAPORWEB/jsp/LoginPortal/LoginPortal.jsp
1537618975880	Marionette	DEBUG	[2147483649] Received DOM event DOMContentLoaded for https://laboral.pjud.cl/SITLAPORWEB/InicioAplicacionPortal.do
1537618980712	Marionette	DEBUG	[2147483649] Received observer notification outer-window-destroyed for 2147483660
1537618980713	Marionette	DEBUG	[2147483649] Received observer notification outer-window-destroyed for 2147483661
1537618980713	Marionette	DEBUG	[2147483649] Received observer notification outer-window-destroyed for 2147483662
1537618980714	Marionette	DEBUG	[2147483649] Received observer notification outer-window-destroyed for 2147483663
1537618980715	Marionette	DEBUG	[2147483649] Received observer notification outer-window-destroyed for 2147483664
1537618980716	Marionette	DEBUG	[2147483649] Received observer notification outer-window-destroyed for 2147483665
1537618980717	Marionette	DEBUG	[2147483649] Received observer notification outer-window-destroyed for 2147483666
1537618980717	Marionette	DEBUG	[2147483649] Received observer notification outer-window-destroyed for 2147483667
1537618980718	Marionette	DEBUG	[2147483649] Received observer notification outer-window-destroyed for 2147483668
1537618985041	Marionette	DEBUG	[2147483649] Received DOM event pageshow for https://laboral.pjud.cl/SITLAPORWEB/InicioAplicacionPortal.do
1537618985385	Marionette	DEBUG	[2147483649] Canceled page load listener because no navigation has been detected
1537618985694	Marionette	DEBUG	[2147483649] Canceled page load listener because no navigation has been detected
1537618985965	Marionette	DEBUG	[2147483649] Canceled page load listener because no navigation has been detected
[Parent 6419, Gecko_IOThread] WARNING: pipe error (66): Connection reset by peer: file /build/firefox-LCnNpq/firefox-62.0+build2/ipc/chromium/src/chrome/common/ipc_channel_posix.cc, line 353
1537619186568	Marionette	INFO	Stopped listening on port 36249
1537619452045	mozrunner::runner	INFO	Running command: "/usr/bin/firefox" "-marionette" "-foreground" "-no-remote" "-profile" "/tmp/rust_mozprofile.oLbcljrxVJXH"

(firefox:6828): Gtk-WARNING **: 15:30:53.682: Theme parsing error: <data>:1:34: Expected ')' in color definition

(firefox:6828): Gtk-WARNING **: 15:30:53.682: Theme parsing error: <data>:1:77: Expected ')' in color definition
1537619456003	Marionette	INFO	Listening on port 32925
1537619456114	Marionette	WARN	TLS certificate errors will be ignored for this session
1537619456259	Marionette	DEBUG	[2147483649] Frame script loaded
1537619456263	Marionette	DEBUG	[2147483649] Frame script registered
1537619456345	Marionette	DEBUG	[2147483649] Received DOM event beforeunload for about:blank
1537619463982	Marionette	DEBUG	[2147483649] Received DOM event pagehide for about:blank
1537619464011	Marionette	DEBUG	[2147483649] Received DOM event beforeunload for https://laboral.pjud.cl/SITLAPORWEB/jsp/LoginPortal/LoginPortal.jsp
1537619464015	Marionette	DEBUG	[2147483649] Received DOM event pageshow for https://laboral.pjud.cl/SITLAPORWEB/jsp/LoginPortal/LoginPortal.jsp
1537619464126	Marionette	DEBUG	[2147483649] Received DOM event DOMContentLoaded for https://laboral.pjud.cl/SITLAPORWEB/jsp/LoginPortal/LoginPortal.jsp
1537619464527	Marionette	DEBUG	[2147483649] Received DOM event unload for https://laboral.pjud.cl/SITLAPORWEB/jsp/LoginPortal/LoginPortal.jsp
1537619464542	Marionette	DEBUG	[2147483649] Received DOM event DOMContentLoaded for https://laboral.pjud.cl/SITLAPORWEB/InicioAplicacionPortal.do
1537619472396	Marionette	DEBUG	[2147483649] Received observer notification outer-window-destroyed for 2147483660
1537619472396	Marionette	DEBUG	[2147483649] Received observer notification outer-window-destroyed for 2147483661
1537619472397	Marionette	DEBUG	[2147483649] Received observer notification outer-window-destroyed for 2147483662
1537619472398	Marionette	DEBUG	[2147483649] Received observer notification outer-window-destroyed for 2147483663
1537619472398	Marionette	DEBUG	[2147483649] Received observer notification outer-window-destroyed for 2147483664
1537619472399	Marionette	DEBUG	[2147483649] Received observer notification outer-window-destroyed for 2147483665
1537619472399	Marionette	DEBUG	[2147483649] Received observer notification outer-window-destroyed for 2147483666
1537619472399	Marionette	DEBUG	[2147483649] Received observer notification outer-window-destroyed for 2147483667
1537619472400	Marionette	DEBUG	[2147483649] Received observer notification outer-window-destroyed for 2147483668
1537619475541	Marionette	DEBUG	[2147483649] Received DOM event pageshow for https://laboral.pjud.cl/SITLAPORWEB/InicioAplicacionPortal.do
1537619475956	Marionette	DEBUG	[2147483649] Canceled page load listener because no navigation has been detected
1537619476328	Marionette	DEBUG	[2147483649] Canceled page load listener because no navigation has been detected
1537619476605	Marionette	DEBUG	[2147483649] Canceled page load listener because no navigation has been detected
1537619476887	Marionette	DEBUG	[2147483649] Canceled page load listener because no navigation has been detected
1537619477159	Marionette	DEBUG	[2147483649] Canceled page load listener because no navigation has been detected
[Parent 6828, Gecko_IOThread] WARNING: pipe error (69): Connection reset by peer: file /build/firefox-LCnNpq/firefox-62.0+build2/ipc/chromium/src/chrome/common/ipc_channel_posix.cc, line 353
1537619635926	Marionette	INFO	Stopped listening on port 32925
1537619685375	mozrunner::runner	INFO	Running command: "/usr/bin/firefox" "-marionette" "-foreground" "-no-remote" "-profile" "/tmp/rust_mozprofile.KkLaF9rGvG5D"

(firefox:7144): Gtk-WARNING **: 15:34:46.948: Theme parsing error: <data>:1:34: Expected ')' in color definition

(firefox:7144): Gtk-WARNING **: 15:34:46.948: Theme parsing error: <data>:1:77: Expected ')' in color definition
1537619689212	Marionette	INFO	Listening on port 42503
1537619689332	Marionette	WARN	TLS certificate errors will be ignored for this session
1537619689472	Marionette	DEBUG	[2147483649] Frame script loaded
1537619689476	Marionette	DEBUG	[2147483649] Frame script registered
1537619689570	Marionette	DEBUG	[2147483649] Received DOM event beforeunload for about:blank
1537619694828	Marionette	DEBUG	[2147483649] Received DOM event pagehide for about:blank
1537619694858	Marionette	DEBUG	[2147483649] Received DOM event beforeunload for https://laboral.pjud.cl/SITLAPORWEB/jsp/LoginPortal/LoginPortal.jsp
1537619694860	Marionette	DEBUG	[2147483649] Received DOM event pageshow for https://laboral.pjud.cl/SITLAPORWEB/jsp/LoginPortal/LoginPortal.jsp
1537619694946	Marionette	DEBUG	[2147483649] Received DOM event DOMContentLoaded for https://laboral.pjud.cl/SITLAPORWEB/jsp/LoginPortal/LoginPortal.jsp
1537619695402	Marionette	DEBUG	[2147483649] Received DOM event unload for https://laboral.pjud.cl/SITLAPORWEB/jsp/LoginPortal/LoginPortal.jsp
1537619695418	Marionette	DEBUG	[2147483649] Received DOM event DOMContentLoaded for https://laboral.pjud.cl/SITLAPORWEB/InicioAplicacionPortal.do
1537619699958	Marionette	DEBUG	[2147483649] Received observer notification outer-window-destroyed for 2147483660
1537619699959	Marionette	DEBUG	[2147483649] Received observer notification outer-window-destroyed for 2147483661
1537619699960	Marionette	DEBUG	[2147483649] Received observer notification outer-window-destroyed for 2147483662
1537619699960	Marionette	DEBUG	[2147483649] Received observer notification outer-window-destroyed for 2147483663
1537619699961	Marionette	DEBUG	[2147483649] Received observer notification outer-window-destroyed for 2147483664
1537619699961	Marionette	DEBUG	[2147483649] Received observer notification outer-window-destroyed for 2147483665
1537619699962	Marionette	DEBUG	[2147483649] Received observer notification outer-window-destroyed for 2147483666
1537619699962	Marionette	DEBUG	[2147483649] Received observer notification outer-window-destroyed for 2147483667
1537619699963	Marionette	DEBUG	[2147483649] Received observer notification outer-window-destroyed for 2147483668
1537619703591	Marionette	DEBUG	[2147483649] Received DOM event pageshow for https://laboral.pjud.cl/SITLAPORWEB/InicioAplicacionPortal.do
1537619703962	Marionette	DEBUG	[2147483649] Canceled page load listener because no navigation has been detected
1537619704270	Marionette	DEBUG	[2147483649] Canceled page load listener because no navigation has been detected
1537619704548	Marionette	DEBUG	[2147483649] Canceled page load listener because no navigation has been detected
1537619704816	Marionette	DEBUG	[2147483649] Canceled page load listener because no navigation has been detected
1537619705079	Marionette	DEBUG	[2147483649] Canceled page load listener because no navigation has been detected
1537620334034	mozrunner::runner	INFO	Running command: "/usr/bin/firefox" "-marionette" "-foreground" "-no-remote" "-profile" "/tmp/rust_mozprofile.VkESPPu2uKeC"

(firefox:7588): Gtk-WARNING **: 15:45:35.561: Theme parsing error: <data>:1:34: Expected ')' in color definition

(firefox:7588): Gtk-WARNING **: 15:45:35.561: Theme parsing error: <data>:1:77: Expected ')' in color definition
1537620337856	Marionette	INFO	Listening on port 46061
1537620337972	Marionette	WARN	TLS certificate errors will be ignored for this session
1537620338104	Marionette	DEBUG	[2147483649] Frame script loaded
1537620338117	Marionette	DEBUG	[2147483649] Frame script registered
1537620338187	Marionette	DEBUG	[2147483649] Received DOM event beforeunload for about:blank
[Parent 7144, Gecko_IOThread] WARNING: pipe error (69): Connection reset by peer: file /build/firefox-LCnNpq/firefox-62.0+build2/ipc/chromium/src/chrome/common/ipc_channel_posix.cc, line 353
1537620340338	Marionette	INFO	Stopped listening on port 42503
1537620344945	Marionette	DEBUG	[2147483649] Received DOM event pagehide for about:blank
1537620344967	Marionette	DEBUG	[2147483649] Received DOM event beforeunload for https://laboral.pjud.cl/SITLAPORWEB/jsp/LoginPortal/LoginPortal.jsp
1537620344970	Marionette	DEBUG	[2147483649] Received DOM event pageshow for https://laboral.pjud.cl/SITLAPORWEB/jsp/LoginPortal/LoginPortal.jsp
1537620345064	Marionette	DEBUG	[2147483649] Received DOM event DOMContentLoaded for https://laboral.pjud.cl/SITLAPORWEB/jsp/LoginPortal/LoginPortal.jsp
1537620345497	Marionette	DEBUG	[2147483649] Received DOM event unload for https://laboral.pjud.cl/SITLAPORWEB/jsp/LoginPortal/LoginPortal.jsp
1537620345513	Marionette	DEBUG	[2147483649] Received DOM event DOMContentLoaded for https://laboral.pjud.cl/SITLAPORWEB/InicioAplicacionPortal.do
1537620349639	Marionette	DEBUG	[2147483649] Received observer notification outer-window-destroyed for 2147483660
1537620349640	Marionette	DEBUG	[2147483649] Received observer notification outer-window-destroyed for 2147483661
1537620349640	Marionette	DEBUG	[2147483649] Received observer notification outer-window-destroyed for 2147483662
1537620349640	Marionette	DEBUG	[2147483649] Received observer notification outer-window-destroyed for 2147483663
1537620349641	Marionette	DEBUG	[2147483649] Received observer notification outer-window-destroyed for 2147483664
1537620349641	Marionette	DEBUG	[2147483649] Received observer notification outer-window-destroyed for 2147483665
1537620349642	Marionette	DEBUG	[2147483649] Received observer notification outer-window-destroyed for 2147483666
1537620349642	Marionette	DEBUG	[2147483649] Received observer notification outer-window-destroyed for 2147483667
1537620349644	Marionette	DEBUG	[2147483649] Received observer notification outer-window-destroyed for 2147483668
1537620353658	Marionette	DEBUG	[2147483649] Received DOM event pageshow for https://laboral.pjud.cl/SITLAPORWEB/InicioAplicacionPortal.do
1537620354002	Marionette	DEBUG	[2147483649] Canceled page load listener because no navigation has been detected
1537620354308	Marionette	DEBUG	[2147483649] Canceled page load listener because no navigation has been detected
1537620354587	Marionette	DEBUG	[2147483649] Canceled page load listener because no navigation has been detected
[Parent 7588, Gecko_IOThread] WARNING: pipe error (69): Connection reset by peer: file /build/firefox-LCnNpq/firefox-62.0+build2/ipc/chromium/src/chrome/common/ipc_channel_posix.cc, line 353
1537620578472	Marionette	INFO	Stopped listening on port 46061
1537620581320	mozrunner::runner	INFO	Running command: "/usr/bin/firefox" "-marionette" "-foreground" "-no-remote" "-profile" "/tmp/rust_mozprofile.D8GN3q11ZVOP"

(firefox:7922): Gtk-WARNING **: 15:49:42.816: Theme parsing error: <data>:1:34: Expected ')' in color definition

(firefox:7922): Gtk-WARNING **: 15:49:42.816: Theme parsing error: <data>:1:77: Expected ')' in color definition
1537620585129	Marionette	INFO	Listening on port 39647
1537620585164	Marionette	WARN	TLS certificate errors will be ignored for this session
1537620585283	Marionette	DEBUG	[2147483649] Frame script loaded
1537620585295	Marionette	DEBUG	[2147483649] Frame script registered
1537620585343	Marionette	DEBUG	[2147483649] Received DOM event beforeunload for about:blank
1537620590617	Marionette	DEBUG	[2147483649] Received DOM event pagehide for about:blank
1537620590638	Marionette	DEBUG	[2147483649] Received DOM event beforeunload for https://laboral.pjud.cl/SITLAPORWEB/jsp/LoginPortal/LoginPortal.jsp
1537620590641	Marionette	DEBUG	[2147483649] Received DOM event pageshow for https://laboral.pjud.cl/SITLAPORWEB/jsp/LoginPortal/LoginPortal.jsp
1537620590727	Marionette	DEBUG	[2147483649] Received DOM event DOMContentLoaded for https://laboral.pjud.cl/SITLAPORWEB/jsp/LoginPortal/LoginPortal.jsp
1537620591824	Marionette	DEBUG	[2147483649] Received DOM event unload for https://laboral.pjud.cl/SITLAPORWEB/jsp/LoginPortal/LoginPortal.jsp
1537620591837	Marionette	DEBUG	[2147483649] Received DOM event DOMContentLoaded for https://laboral.pjud.cl/SITLAPORWEB/InicioAplicacionPortal.do
1537620598141	Marionette	DEBUG	[2147483649] Received observer notification outer-window-destroyed for 2147483660
1537620598141	Marionette	DEBUG	[2147483649] Received observer notification outer-window-destroyed for 2147483661
1537620598142	Marionette	DEBUG	[2147483649] Received observer notification outer-window-destroyed for 2147483662
1537620598143	Marionette	DEBUG	[2147483649] Received observer notification outer-window-destroyed for 2147483663
1537620598143	Marionette	DEBUG	[2147483649] Received observer notification outer-window-destroyed for 2147483664
1537620598144	Marionette	DEBUG	[2147483649] Received observer notification outer-window-destroyed for 2147483665
1537620598144	Marionette	DEBUG	[2147483649] Received observer notification outer-window-destroyed for 2147483666
1537620598144	Marionette	DEBUG	[2147483649] Received observer notification outer-window-destroyed for 2147483667
1537620598145	Marionette	DEBUG	[2147483649] Received observer notification outer-window-destroyed for 2147483668
1537620601699	Marionette	DEBUG	[2147483649] Received DOM event pageshow for https://laboral.pjud.cl/SITLAPORWEB/InicioAplicacionPortal.do
1537620602061	Marionette	DEBUG	[2147483649] Canceled page load listener because no navigation has been detected
1537620602372	Marionette	DEBUG	[2147483649] Canceled page load listener because no navigation has been detected
1537620602667	Marionette	DEBUG	[2147483649] Canceled page load listener because no navigation has been detected
1537620603005	Marionette	DEBUG	[2147483649] Canceled page load listener because no navigation has been detected
1537620603311	Marionette	DEBUG	[2147483649] Canceled page load listener because no navigation has been detected
[Parent 7922, Gecko_IOThread] WARNING: pipe error (69): Connection reset by peer: file /build/firefox-LCnNpq/firefox-62.0+build2/ipc/chromium/src/chrome/common/ipc_channel_posix.cc, line 353
1537620620243	Marionette	INFO	Stopped listening on port 39647
1537620648337	mozrunner::runner	INFO	Running command: "/usr/bin/firefox" "-marionette" "-foreground" "-no-remote" "-profile" "/tmp/rust_mozprofile.7iserBksRL8e"

(firefox:8152): Gtk-WARNING **: 15:50:49.802: Theme parsing error: <data>:1:34: Expected ')' in color definition

(firefox:8152): Gtk-WARNING **: 15:50:49.802: Theme parsing error: <data>:1:77: Expected ')' in color definition
1537620651932	Marionette	INFO	Listening on port 41783
1537620652001	Marionette	WARN	TLS certificate errors will be ignored for this session
1537620652129	Marionette	DEBUG	[2147483649] Frame script loaded
1537620652151	Marionette	DEBUG	[2147483649] Frame script registered
1537620652199	Marionette	DEBUG	[2147483649] Received DOM event beforeunload for about:blank
1537620657260	Marionette	DEBUG	[2147483649] Received DOM event pagehide for about:blank
1537620657282	Marionette	DEBUG	[2147483649] Received DOM event beforeunload for https://laboral.pjud.cl/SITLAPORWEB/jsp/LoginPortal/LoginPortal.jsp
1537620657284	Marionette	DEBUG	[2147483649] Received DOM event pageshow for https://laboral.pjud.cl/SITLAPORWEB/jsp/LoginPortal/LoginPortal.jsp
1537620657369	Marionette	DEBUG	[2147483649] Received DOM event DOMContentLoaded for https://laboral.pjud.cl/SITLAPORWEB/jsp/LoginPortal/LoginPortal.jsp
1537620657815	Marionette	DEBUG	[2147483649] Received DOM event unload for https://laboral.pjud.cl/SITLAPORWEB/jsp/LoginPortal/LoginPortal.jsp
1537620657829	Marionette	DEBUG	[2147483649] Received DOM event DOMContentLoaded for https://laboral.pjud.cl/SITLAPORWEB/InicioAplicacionPortal.do
1537620665184	Marionette	DEBUG	[2147483649] Received observer notification outer-window-destroyed for 2147483660
1537620665185	Marionette	DEBUG	[2147483649] Received observer notification outer-window-destroyed for 2147483661
1537620665186	Marionette	DEBUG	[2147483649] Received observer notification outer-window-destroyed for 2147483662
1537620665192	Marionette	DEBUG	[2147483649] Received observer notification outer-window-destroyed for 2147483663
1537620665192	Marionette	DEBUG	[2147483649] Received observer notification outer-window-destroyed for 2147483664
1537620665193	Marionette	DEBUG	[2147483649] Received observer notification outer-window-destroyed for 2147483665
1537620665193	Marionette	DEBUG	[2147483649] Received observer notification outer-window-destroyed for 2147483666
1537620665194	Marionette	DEBUG	[2147483649] Received observer notification outer-window-destroyed for 2147483667
1537620665194	Marionette	DEBUG	[2147483649] Received observer notification outer-window-destroyed for 2147483668
1537620668230	Marionette	DEBUG	[2147483649] Received DOM event pageshow for https://laboral.pjud.cl/SITLAPORWEB/InicioAplicacionPortal.do
1537620668597	Marionette	DEBUG	[2147483649] Canceled page load listener because no navigation has been detected
1537620668904	Marionette	DEBUG	[2147483649] Canceled page load listener because no navigation has been detected
1537620669190	Marionette	DEBUG	[2147483649] Canceled page load listener because no navigation has been detected
1537620669528	Marionette	DEBUG	[2147483649] Canceled page load listener because no navigation has been detected
1537620669858	Marionette	DEBUG	[2147483649] Canceled page load listener because no navigation has been detected
[Parent 8152, Gecko_IOThread] WARNING: pipe error (69): Connection reset by peer: file /build/firefox-LCnNpq/firefox-62.0+build2/ipc/chromium/src/chrome/common/ipc_channel_posix.cc, line 353
1537621291175	Marionette	INFO	Stopped listening on port 41783
